<?xml version="1.0" encoding="UTF-8"?>
<testsuite xmlns:xsi="http://www.w3.org/2001/XMLSchema-instance" xsi:noNamespaceSchemaLocation="https://maven.apache.org/surefire/maven-surefire-plugin/xsd/surefire-test-report.xsd" name="Default.matrixTest" time="0.091" tests="39" errors="0" skipped="0" failures="0">
  <properties>
[...]
</properties>
  <testcase name="testUpperDet" classname="Default.matrixTest" time="0.013"/>
  <testcase name="testGetElementInvalid" classname="Default.matrixTest" time="0.001"/>
  <testcase name="testUpperGetDim" classname="Default.matrixTest" time="0"/>
  <testcase name="testConstructor1Valid" classname="Default.matrixTest" time="0.001"/>
  <testcase name="testCopy1" classname="Default.matrixTest" time="0"/>
  <testcase name="testCopy" classname="Default.matrixTest" time="0"/>
  <testcase name="testSumValid" classname="Default.matrixTest" time="0.001"/>
  <testcase name="testUpperGetElementValid" classname="Default.matrixTest" time="0.001"/>
  <testcase name="testConstructor2" classname="Default.matrixTest" time="0.001"/>
  <testcase name="testUpperSetElementInvalid" classname="Default.matrixTest" time="0"/>
  <testcase name="testSubMatrixInvalid" classname="Default.matrixTest" time="0.001"/>
  <testcase name="testUpperEffSolveInvalid1" classname="Default.matrixTest" time="0"/>
  <testcase name="testUpperEffSolveInvalid2" classname="Default.matrixTest" time="0"/>
  <testcase name="testUpperGetElementValid1" classname="Default.matrixTest" time="0.001"/>
  <testcase name="testIsUpperTrFalse" classname="Default.matrixTest" time="0"/>
  <testcase name="testUpperEffSolveValid1" classname="Default.matrixTest" time="0.011"/>
  <testcase name="testUpperEffSolveValid2" classname="Default.matrixTest" time="0"/>
  <testcase name="testUpperSetElementValid" classname="Default.matrixTest" time="0"/>
  <testcase name="testAddToValid" classname="Default.matrixTest" time="0"/>
  <testcase name="testUpperGetElementInvalid" classname="Default.matrixTest" time="0.001"/>
  <testcase name="testIsUpperTrTrue" classname="Default.matrixTest" time="0.001"/>
  <testcase name="testUpperConstructor1Invalid" classname="Default.matrixTest" time="0.002"/>
  <testcase name="testUpperConstructor1Valid" classname="Default.matrixTest" time="0"/>
  <testcase name="testUpperConstructor2Valid" classname="Default.matrixTest" time="0.001"/>
  <testcase name="testConstructor1Invalid1" classname="Default.matrixTest" time="0.001"/>
  <testcase name="testConstructor1Invalid2" classname="Default.matrixTest" time="0.001"/>
  <testcase name="testGetElementValid" classname="Default.matrixTest" time="0.001"/>
  <testcase name="testUpperDet1" classname="Default.matrixTest" time="0"/>
  <testcase name="testIsUpperTrFalseNotSquare" classname="Default.matrixTest" time="0.002"/>
  <testcase name="testAddToInvalid" classname="Default.matrixTest" time="0.001"/>
  <testcase name="testGetElementValid1" classname="Default.matrixTest" time="0"/>
  <testcase name="testSetElementInvalid" classname="Default.matrixTest" time="0.001"/>
  <testcase name="testSumValid1" classname="Default.matrixTest" time="0.001"/>
  <testcase name="testSumInvalid" classname="Default.matrixTest" time="0.001"/>
  <testcase name="testSetElementValid" classname="Default.matrixTest" time="0.001"/>
  <testcase name="testSubMatrixValid" classname="Default.matrixTest" time="0"/>
  <testcase name="testUpperConstructor2Invalid" classname="Default.matrixTest" time="0"/>
  <testcase name="testConstructor1Valid2" classname="Default.matrixTest" time="0.001"/>
  <testcase name="testUpperSetElementValid1" classname="Default.matrixTest" time="0"/>
</testsuite>