<?xml version="1.0" encoding="UTF-8"?>
<testsuite xmlns:xsi="http://www.w3.org/2001/XMLSchema-instance" xsi:noNamespaceSchemaLocation="https://maven.apache.org/surefire/maven-surefire-plugin/xsd/surefire-test-report.xsd" name="com.mycompany.app.Testing" time="0.017" tests="39" errors="0" skipped="0" failures="0">
  <properties>
[...]
</properties>
  <testcase name="com.mycompany.app.Testing.testGetElementValid1" classname="com.mycompany.app.Testing" time="0"/>
  <testcase name="com.mycompany.app.Testing.testUpperConstructor2Valid" classname="com.mycompany.app.Testing" time="0"/>
  <testcase name="com.mycompany.app.Testing.testUpperConstructor1Invalid" classname="com.mycompany.app.Testing" time="0"/>
  <testcase name="com.mycompany.app.Testing.testUpperSetElementValid1" classname="com.mycompany.app.Testing" time="0"/>
  <testcase name="com.mycompany.app.Testing.testSetElementInvalid" classname="com.mycompany.app.Testing" time="0"/>
  <testcase name="com.mycompany.app.Testing.testConstructor1Valid" classname="com.mycompany.app.Testing" time="0"/>
  <testcase name="com.mycompany.app.Testing.testUpperEffSolveValid2" classname="com.mycompany.app.Testing" time="0"/>
  <testcase name="com.mycompany.app.Testing.testUpperEffSolveValid1" classname="com.mycompany.app.Testing" time="0.002"/>
  <testcase name="com.mycompany.app.Testing.testSubMatrixInvalid" classname="com.mycompany.app.Testing" time="0"/>
  <testcase name="com.mycompany.app.Testing.testConstructor1Valid2" classname="com.mycompany.app.Testing" time="0"/>
  <testcase name="com.mycompany.app.Testing.testUpperConstructor2Invalid" classname="com.mycompany.app.Testing" time="0.002"/>
  <testcase name="com.mycompany.app.Testing.testUpperGetElementValid" classname="com.mycompany.app.Testing" time="0"/>
  <testcase name="com.mycompany.app.Testing.testUpperGetElementInvalid" classname="com.mycompany.app.Testing" time="0"/>
  <testcase name="com.mycompany.app.Testing.testGetElementValid" classname="com.mycompany.app.Testing" time="0"/>
  <testcase name="com.mycompany.app.Testing.testGetElementInvalid" classname="com.mycompany.app.Testing" time="0"/>
  <testcase name="com.mycompany.app.Testing.testSetElementValid" classname="com.mycompany.app.Testing" time="0"/>
  <testcase name="com.mycompany.app.Testing.testIsUpperTrFalseNotSquare" classname="com.mycompany.app.Testing" time="0"/>
  <testcase name="com.mycompany.app.Testing.testUpperConstructor1Valid" classname="com.mycompany.app.Testing" time="0"/>
  <testcase name="com.mycompany.app.Testing.testUpperGetElementValid1" classname="com.mycompany.app.Testing" time="0"/>
  <testcase name="com.mycompany.app.Testing.testUpperSetElementValid" classname="com.mycompany.app.Testing" time="0"/>
  <testcase name="com.mycompany.app.Testing.testUpperSetElementInvalid" classname="com.mycompany.app.Testing" time="0"/>
  <testcase name="com.mycompany.app.Testing.testUpperEffSolveInvalid1" classname="com.mycompany.app.Testing" time="0"/>
  <testcase name="com.mycompany.app.Testing.testUpperEffSolveInvalid2" classname="com.mycompany.app.Testing" time="0"/>
  <testcase name="com.mycompany.app.Testing.testConstructor1Invalid2" classname="com.mycompany.app.Testing" time="0"/>
  <testcase name="com.mycompany.app.Testing.testConstructor1Invalid1" classname="com.mycompany.app.Testing" time="0"/>
  <testcase name="com.mycompany.app.Testing.testUpperDet1" classname="com.mycompany.app.Testing" time="0"/>
  <testcase name="com.mycompany.app.Testing.testAddToInvalid" classname="com.mycompany.app.Testing" time="0"/>
  <testcase name="com.mycompany.app.Testing.testCopy1" classname="com.mycompany.app.Testing" time="0"/>
  <testcase name="com.mycompany.app.Testing.testSubMatrixValid" classname="com.mycompany.app.Testing" time="0"/>
  <testcase name="com.mycompany.app.Testing.testUpperGetDim" classname="com.mycompany.app.Testing" time="0"/>
  <testcase name="com.mycompany.app.Testing.testUpperDet" classname="com.mycompany.app.Testing" time="0"/>
  <testcase name="com.mycompany.app.Testing.testCopy" classname="com.mycompany.app.Testing" time="0"/>
  <testcase name="com.mycompany.app.Testing.testSumValid" classname="com.mycompany.app.Testing" time="0"/>
  <testcase name="com.mycompany.app.Testing.testIsUpperTrTrue" classname="com.mycompany.app.Testing" time="0"/>
  <testcase name="com.mycompany.app.Testing.testIsUpperTrFalse" classname="com.mycompany.app.Testing" time="0"/>
  <testcase name="com.mycompany.app.Testing.testSumInvalid" classname="com.mycompany.app.Testing" time="0"/>
  <testcase name="com.mycompany.app.Testing.testAddToValid" classname="com.mycompany.app.Testing" time="0"/>
  <testcase name="com.mycompany.app.Testing.testSumValid1" classname="com.mycompany.app.Testing" time="0"/>
  <testcase name="com.mycompany.app.Testing.testConstructor2" classname="com.mycompany.app.Testing" time="0"/>
</testsuite>