<?xml version="1.0" encoding="UTF-8"?>
<testsuite xmlns:xsi="http://www.w3.org/2001/XMLSchema-instance" xsi:noNamespaceSchemaLocation="https://maven.apache.org/surefire/maven-surefire-plugin/xsd/surefire-test-report.xsd" name="com.companyname.LinkedList.TestSLLAll" time="0.065" tests="33" errors="0" skipped="0" failures="0">
  <properties>
[...]
</properties>
  <testcase name="testIntersection1" classname="com.companyname.LinkedList.TestSLLAll" time="0.015"/>
  <testcase name="testIntersection2" classname="com.companyname.LinkedList.TestSLLAll" time="0"/>
  <testcase name="testIntersection3" classname="com.companyname.LinkedList.TestSLLAll" time="0"/>
  <testcase name="testIntersection4" classname="com.companyname.LinkedList.TestSLLAll" time="0.001"/>
  <testcase name="testIntersection5" classname="com.companyname.LinkedList.TestSLLAll" time="0.001"/>
  <testcase name="testCopy2" classname="com.companyname.LinkedList.TestSLLAll" time="0"/>
  <testcase name="testAdd1" classname="com.companyname.LinkedList.TestSLLAll" time="0"/>
  <testcase name="testAdd2" classname="com.companyname.LinkedList.TestSLLAll" time="0"/>
  <testcase name="testAdd3" classname="com.companyname.LinkedList.TestSLLAll" time="0"/>
  <testcase name="testAdd4" classname="com.companyname.LinkedList.TestSLLAll" time="0.001"/>
  <testcase name="testCopy" classname="com.companyname.LinkedList.TestSLLAll" time="0.001"/>
  <testcase name="testSLLSet0Array" classname="com.companyname.LinkedList.TestSLLAll" time="0.001"/>
  <testcase name="testUnionSLLSetArray" classname="com.companyname.LinkedList.TestSLLAll" time="0.001"/>
  <testcase name="testIsInTrue" classname="com.companyname.LinkedList.TestSLLAll" time="0.001"/>
  <testcase name="testRemove1" classname="com.companyname.LinkedList.TestSLLAll" time="0.001"/>
  <testcase name="testRemove2" classname="com.companyname.LinkedList.TestSLLAll" time="0.001"/>
  <testcase name="testRemove3" classname="com.companyname.LinkedList.TestSLLAll" time="0.001"/>
  <testcase name="testRemove4" classname="com.companyname.LinkedList.TestSLLAll" time="0"/>
  <testcase name="testRemove5" classname="com.companyname.LinkedList.TestSLLAll" time="0"/>
  <testcase name="testSLLSetIntArray" classname="com.companyname.LinkedList.TestSLLAll" time="0"/>
  <testcase name="testDifference1" classname="com.companyname.LinkedList.TestSLLAll" time="0"/>
  <testcase name="testDifference2" classname="com.companyname.LinkedList.TestSLLAll" time="0"/>
  <testcase name="testDifference3" classname="com.companyname.LinkedList.TestSLLAll" time="0.001"/>
  <testcase name="testDifference4" classname="com.companyname.LinkedList.TestSLLAll" time="0.001"/>
  <testcase name="testDifference5" classname="com.companyname.LinkedList.TestSLLAll" time="0.001"/>
  <testcase name="testSLLSet" classname="com.companyname.LinkedList.TestSLLAll" time="0"/>
  <testcase name="testUnion1" classname="com.companyname.LinkedList.TestSLLAll" time="0"/>
  <testcase name="testUnion2" classname="com.companyname.LinkedList.TestSLLAll" time="0"/>
  <testcase name="testUnion3" classname="com.companyname.LinkedList.TestSLLAll" time="0.001"/>
  <testcase name="testUnion4" classname="com.companyname.LinkedList.TestSLLAll" time="0.001"/>
  <testcase name="testUnion5" classname="com.companyname.LinkedList.TestSLLAll" time="0"/>
  <testcase name="testUnionSLLSetArrayAll0" classname="com.companyname.LinkedList.TestSLLAll" time="0.001"/>
  <testcase name="testIsInFalse" classname="com.companyname.LinkedList.TestSLLAll" time="0.001"/>
</testsuite>